<?xml version="1.0" encoding="UTF-8"?>
<testsuite xmlns:xsi="http://www.w3.org/2001/XMLSchema-instance" xsi:noNamespaceSchemaLocation="https://maven.apache.org/surefire/maven-surefire-plugin/xsd/surefire-test-report-3.0.xsd" version="3.0" name="com.yourcompany.starter.auth.AuthControllerTest" time="4.102" tests="5" errors="0" skipped="0" failures="0">
  <properties>
[...]
</properties>
  <testcase name="login_withNonexistentUser_returns401" classname="com.yourcompany.starter.auth.AuthControllerTest" time="0.378">
    <system-out><![CDATA[00:54:23.557 [main] INFO org.springframework.test.context.support.AnnotationConfigContextLoaderUtils -- Could not detect default configuration classes for test class [com.yourcompany.starter.auth.AuthControllerTest]: AuthControllerTest does not declare any static, non-private, non-final, nested classes annotated with @Configuration.
00:54:23.620 [main] INFO org.springframework.boot.test.context.SpringBootTestContextBootstrapper -- Found @SpringBootConfiguration com.yourcompany.starter.StarterApplication for test class com.yourcompany.starter.auth.AuthControllerTest

  .   ____          _            __ _ _
 /\\ / ___'_ __ _ _(_)_ __  __ _ \ \ \ \
( ( )\___ | '_ | '_| | '_ \/ _` | \ \ \ \
 \\/  ___)| |_)| | | | | || (_| |  ) ) ) )
  '  |____| .__|_| |_|_| |_\__, | / / / /
 =========|_|==============|___/=/_/_/_/
 :: Spring Boot ::                (v3.2.5)

2026-04-22T00:54:23.828Z  INFO 98 --- [           main] c.y.starter.auth.AuthControllerTest      : Starting AuthControllerTest using Java 17.0.11 with PID 98 (started by root in /app)
2026-04-22T00:54:23.829Z  INFO 98 --- [           main] c.y.starter.auth.AuthControllerTest      : The following 1 profile is active: "test"
2026-04-22T00:54:24.311Z  INFO 98 --- [           main] .s.d.r.c.RepositoryConfigurationDelegate : Bootstrapping Spring Data JPA repositories in DEFAULT mode.
2026-04-22T00:54:24.386Z  INFO 98 --- [           main] .s.d.r.c.RepositoryConfigurationDelegate : Finished Spring Data repository scanning in 71 ms. Found 3 JPA repository interfaces.
2026-04-22T00:54:24.727Z  INFO 98 --- [           main] o.hibernate.jpa.internal.util.LogHelper  : HHH000204: Processing PersistenceUnitInfo [name: default]
2026-04-22T00:54:24.761Z  INFO 98 --- [           main] org.hibernate.Version                    : HHH000412: Hibernate ORM core version 6.4.4.Final
2026-04-22T00:54:24.775Z  INFO 98 --- [           main] o.h.c.internal.RegionFactoryInitiator    : HHH000026: Second-level cache disabled
2026-04-22T00:54:24.824Z  INFO 98 --- [           main] o.s.o.j.p.SpringPersistenceUnitInfo      : No LoadTimeWeaver setup: ignoring JPA class transformer
2026-04-22T00:54:24.836Z  INFO 98 --- [           main] com.zaxxer.hikari.HikariDataSource       : HikariPool-1 - Starting...
2026-04-22T00:54:24.919Z  INFO 98 --- [           main] com.zaxxer.hikari.pool.HikariPool        : HikariPool-1 - Added connection conn0: url=jdbc:h2:mem:testdb user=SA
2026-04-22T00:54:24.920Z  INFO 98 --- [           main] com.zaxxer.hikari.HikariDataSource       : HikariPool-1 - Start completed.
2026-04-22T00:54:24.931Z  WARN 98 --- [           main] org.hibernate.dialect.Dialect            : HHH000511: The 2.2.0 version for [org.hibernate.dialect.PostgreSQLDialect] is no longer supported, hence certain features may not work properly. The minimum supported version is 12.0.0. Check the community dialects project for available legacy versions.
2026-04-22T00:54:24.933Z  WARN 98 --- [           main] org.hibernate.orm.deprecation            : HHH90000025: PostgreSQLDialect does not need to be specified explicitly using 'hibernate.dialect' (remove the property setting and it will be selected by default)
2026-04-22T00:54:25.318Z  INFO 98 --- [           main] o.h.e.t.j.p.i.JtaPlatformInitiator       : HHH000489: No JTA platform available (set 'hibernate.transaction.jta.platform' to enable JTA platform integration)
2026-04-22T00:54:25.342Z  INFO 98 --- [           main] j.LocalContainerEntityManagerFactoryBean : Initialized JPA EntityManagerFactory for persistence unit 'default'
2026-04-22T00:54:25.597Z  INFO 98 --- [           main] o.s.d.j.r.query.QueryEnhancerFactory     : Hibernate is in classpath; If applicable, HQL parser will be used.
2026-04-22T00:54:25.851Z  WARN 98 --- [           main] JpaBaseConfiguration$JpaWebConfiguration : spring.jpa.open-in-view is enabled by default. Therefore, database queries may be performed during view rendering. Explicitly configure spring.jpa.open-in-view to disable this warning
2026-04-22T00:54:26.181Z  INFO 98 --- [           main] efaultSchemaResourceGraphQlSourceBuilder : Loaded 1 resource(s) in the GraphQL schema.
2026-04-22T00:54:26.269Z  INFO 98 --- [           main] o.s.b.a.g.GraphQlAutoConfiguration       : GraphQL schema inspection:
	Unmapped fields: {}
	Unmapped registrations: {}
	Skipped types: []
2026-04-22T00:54:26.279Z  INFO 98 --- [           main] s.b.a.g.s.GraphQlWebMvcAutoConfiguration : GraphQL endpoint HTTP POST /graphql
2026-04-22T00:54:26.365Z  INFO 98 --- [           main] o.s.b.a.e.web.EndpointLinksResolver      : Exposing 2 endpoint(s) beneath base path '/actuator'
2026-04-22T00:54:26.401Z  INFO 98 --- [           main] o.s.s.web.DefaultSecurityFilterChain     : Will secure any request with [org.springframework.security.web.session.DisableEncodeUrlFilter@55456711, org.springframework.security.web.context.request.async.WebAsyncManagerIntegrationFilter@3a182eaf, org.springframework.security.web.context.SecurityContextHolderFilter@48430066, org.springframework.security.web.header.HeaderWriterFilter@39d06cd9, org.springframework.web.filter.CorsFilter@4bc15d49, org.springframework.security.web.authentication.logout.LogoutFilter@196ca821, com.yourcompany.starter.auth.filter.JwtAuthFilter@6385b07d, org.springframework.security.web.savedrequest.RequestCacheAwareFilter@73ebf7cc, org.springframework.security.web.servletapi.SecurityContextHolderAwareRequestFilter@38f2c6a0, org.springframework.security.web.authentication.AnonymousAuthenticationFilter@4a4ba507, org.springframework.security.web.session.SessionManagementFilter@48c74c4f, org.springframework.security.web.access.ExceptionTranslationFilter@2ca50ae3, org.springframework.security.web.access.intercept.AuthorizationFilter@1205d422]
2026-04-22T00:54:26.668Z  INFO 98 --- [           main] o.s.b.t.m.w.SpringBootMockServletContext : Initializing Spring TestDispatcherServlet ''
2026-04-22T00:54:26.668Z  INFO 98 --- [           main] o.s.t.web.servlet.TestDispatcherServlet  : Initializing Servlet ''
2026-04-22T00:54:26.669Z  INFO 98 --- [           main] o.s.t.web.servlet.TestDispatcherServlet  : Completed initialization in 1 ms
2026-04-22T00:54:26.699Z  INFO 98 --- [           main] c.y.starter.auth.AuthControllerTest      : Started AuthControllerTest in 3.009 seconds (process running for 4.122)
]]></system-out>
  </testcase>
  <testcase name="login_withInvalidPassword_returns401" classname="com.yourcompany.starter.auth.AuthControllerTest" time="0.124"/>
  <testcase name="register_withDuplicateUsername_returns400" classname="com.yourcompany.starter.auth.AuthControllerTest" time="0.073"/>
  <testcase name="register_withValidData_returns201" classname="com.yourcompany.starter.auth.AuthControllerTest" time="0.126"/>
  <testcase name="login_withValidCredentials_returnsTokens" classname="com.yourcompany.starter.auth.AuthControllerTest" time="0.152"/>
</testsuite>